  1.8088289e-001  1.2035217e-001
  1.7602838e-001  1.9006300e-001
  9.1451829e-002  2.1990919e-001
  2.1725055e-001  2.1644779e-001
  1.2485907e-001  2.3320220e-001
  1.9623144e-001  2.6023286e-001
  2.3851190e-001  2.6631143e-001
  1.3896993e-001  2.5357480e-001
  1.8770042e-001  3.3493250e-001
  2.5164203e-001  1.6371486e-001
  1.6856032e-001  6.6048283e-002
  1.7040883e-001  1.9923192e-001
  1.6366237e-001  1.9973919e-001
  1.1427121e-001  1.6437757e-001
  2.3262145e-001  2.9991188e-001
  1.0984200e-001  1.7406251e-001
  7.3953691e-002  1.6645660e-001
  1.8426671e-001  7.3716482e-002
  2.8711067e-001  2.2610285e-001
  2.2805312e-001  2.4923649e-001
  1.6381085e-001  2.2909399e-001
  1.3255433e-001  1.8333142e-001
  2.2382266e-001  1.7524771e-001
  1.5916232e-001  1.7384694e-001
  2.3613754e-001  1.7090679e-001
  2.5503159e-001  2.2239805e-001
  2.6678345e-001  6.8936664e-002
  1.1832890e-001  1.4454738e-001
  2.2435383e-001  9.9140165e-002
  1.8866970e-001  1.7969595e-001
  2.5365828e-001  2.3589653e-001
  2.8672496e-001  1.9884882e-001
  2.3964320e-001  2.0073335e-001
  2.4625982e-001  1.5732139e-001
  3.3521407e-001  2.4898786e-001
  2.4457515e-001  2.6311074e-001
  2.5211898e-001  1.5848937e-001
  1.2337048e-001  1.5826447e-001
  1.0558222e-001  1.2050090e-001
  2.1847363e-001  2.2612888e-001
  2.4328710e-001  1.5217110e-001
  2.0560586e-001  2.1175616e-001
  2.0326946e-001  3.0207595e-001
  2.5245370e-001  5.7346648e-002
  1.8998632e-001  1.5544615e-001
  2.7938689e-001  1.7629560e-001
  1.2666559e-001  1.6335969e-001
  1.8589030e-001  3.2861761e-001
  3.2797921e-001  2.8080720e-001
  1.1703435e-001  2.5501337e-001
  2.1699470e-001  1.8208305e-001
  3.1428887e-001  2.3700156e-001
  1.7783916e-001  1.6009159e-001
  1.1370347e-003  2.2615029e-001
  1.8928784e-001  1.1426972e-001
  1.1287407e-001  2.8536086e-001
  1.1709824e-001  1.7817991e-001
  1.1210499e-001  1.7584950e-001
  1.6035669e-001  6.7561085e-002
  2.3386069e-001  1.4459287e-001
  1.0624059e-001  8.5347285e-002
  5.9906318e-002  2.3834962e-001
  2.0124334e-001  2.0391579e-001
  3.0949849e-001  3.8053502e-002
  2.7540050e-001  1.0867894e-001
  1.5005585e-001  1.6345446e-001
  1.3179278e-001  1.5949988e-001
  2.3601441e-001  1.9728965e-001
  1.3176618e-001  1.9625958e-001
  3.5202590e-001  3.3554846e-001
  2.6102365e-001  5.3889717e-002
  2.2677986e-001  9.6720981e-002
  1.3801276e-001  1.6376853e-001
  2.6743409e-001  2.1331991e-001
  1.5585776e-001  2.7398891e-001
  3.1978324e-001  2.7380837e-001
  2.2844629e-001  1.3822011e-001
  1.6758650e-001  1.3751021e-001
  2.1886040e-001  1.8785636e-001
  1.3905684e-001  2.5970569e-001
  2.8154675e-001  2.4081273e-001
  1.9833680e-001  1.9132574e-001
  2.0377080e-001  1.8773490e-001
  1.6913311e-001  1.0184077e-001
  1.7985536e-001  1.7590563e-001
  1.2194734e-001  3.8130294e-001
  4.8104113e-002  3.1667462e-001
  2.6469928e-001  1.7305731e-001
  2.6925203e-001  2.3405506e-001
  1.9646518e-001  3.5006273e-001
  1.3283327e-001  2.7549318e-001
  1.7198832e-001  1.2630018e-001
  2.7491082e-001  2.3465728e-001
  1.6649734e-001  2.4089259e-001
  2.2302400e-001  1.1616662e-001
  2.5632959e-001  1.1434813e-001
  1.5372639e-001  8.7116711e-002
  1.9251614e-001  1.5340782e-001
  1.3269954e-001  4.4775848e-002
  2.0365040e-001  1.7594031e-001
  2.3345144e-001  5.3333611e-001
  2.3607721e-001  5.4905145e-001
  1.9885485e-001  4.9445229e-001
  1.2375168e-001  5.2075101e-001
  2.8288924e-001  4.5774551e-001
  3.1606704e-001  5.4341313e-001
  3.3403371e-001  5.4005462e-001
  1.3842696e-001  5.4282641e-001
  1.8993092e-001  4.7306130e-001
  1.5321992e-001  6.0338943e-001
  2.0204272e-001  4.0259525e-001
  5.4376450e-002  5.9591832e-001
  2.4566008e-001  4.8699429e-001
  2.1198316e-001  4.5119564e-001
  2.4390506e-001  5.5610281e-001
  3.1551192e-001  6.0744212e-001
  9.4034496e-002  3.7969202e-001
  1.8793570e-001  6.0359442e-001
  2.2240920e-001  4.7369837e-001
  1.3840784e-001  5.1902143e-001
  2.5011269e-001  5.9531255e-001
  1.8374239e-001  4.9602215e-001
  5.5817432e-002  4.3224210e-001
  1.8860276e-001  6.1594372e-001
  2.0719419e-001  5.4899774e-001
  1.7185060e-001  5.0784092e-001
  2.5950379e-001  5.0934214e-001
  1.6161232e-001  4.8996354e-001
  1.0399405e-001  4.6179813e-001
  1.9094346e-001  5.7384461e-001
  1.7124221e-001  4.6252813e-001
  2.3864252e-001  5.1990881e-001
  1.9512239e-001  5.2218675e-001
  1.2517429e-001  5.5162893e-001
  2.5446230e-001  6.5130774e-001
  1.9733976e-001  3.8039084e-001
  1.9700967e-001  5.5602321e-001
  1.7159552e-001  4.9984462e-001
  2.2891485e-001  4.9622212e-001
  2.0339849e-001  4.7522190e-001
  2.2862874e-001  7.2782921e-001
  1.2004552e-001  5.7597080e-001
  9.2061119e-002  4.3510621e-001
  2.6768156e-001  5.1355489e-001
  1.5058118e-001  5.8974419e-001
  6.3317929e-002  4.9828727e-001
  3.0686080e-001  5.9155649e-001
  3.1801884e-001  4.5183740e-001
  2.8604667e-001  5.5824836e-001
  2.8548238e-001  4.4219838e-001
  2.1644041e-001  5.3597314e-001
  1.8183748e-001  4.7568634e-001
  2.1298229e-001  5.7427647e-001
  1.3459604e-001  5.4735710e-001
  1.0969311e-001  5.3969111e-001
  2.1359437e-001  4.9126639e-001
  2.8352718e-001  4.8089518e-001
  2.6256956e-001  4.9336838e-001
  2.5366948e-001  4.8925359e-001
  1.2272046e-001  4.5482848e-001
  2.1516924e-001  4.7273637e-001
  2.1609484e-001  4.2488494e-001
  2.7506699e-001  4.6713372e-001
  2.0136759e-001  5.4833182e-001
  2.3657318e-001  4.5288618e-001
  2.2721644e-001  5.3890912e-001
  1.2475569e-001  4.6417810e-001
  1.5551478e-001  5.2137723e-001
  1.8061266e-001  5.0838550e-001
  2.2527400e-001  5.4886712e-001
  2.0191793e-001  4.1948697e-001
  2.8504101e-001  4.4068093e-001
  1.0026420e-001  5.0760404e-001
  6.7035329e-002  5.5725966e-001
  3.8437715e-002  4.9822132e-001
  3.1408609e-001  4.3598194e-001
  2.3907471e-001  5.0166135e-001
  7.1913694e-002  5.2450674e-001
  1.9423093e-001  7.2996690e-001
  1.4416572e-001  4.5158024e-001
  2.7019479e-001  5.3641490e-001
  2.1760911e-001  5.7025953e-001
  1.8964664e-001  4.4278442e-001
  2.8016405e-001  5.9482562e-001
  1.7437347e-001  5.2410490e-001
  1.5929880e-001  5.8231623e-001
  2.1245696e-001  4.8119549e-001
  3.7477772e-001  6.0067044e-001
  2.3884189e-001  5.2698851e-001
  1.7678849e-001  5.6671632e-001
  2.2222568e-001  5.1306405e-001
  1.6755078e-001  6.1091727e-001
  3.3745374e-001  5.1865510e-001
  2.8334865e-001  4.7394862e-001
  3.1139314e-001  4.2008808e-001
  1.5024280e-001  5.3600369e-001
  1.5046518e-001  4.2002571e-001
  2.4979559e-001  5.9288511e-001
  2.3174941e-001  5.4901885e-001
  1.7858845e-001  7.9415016e-001
  1.5029412e-001  8.7214013e-001
  2.1708643e-001  8.8687595e-001
  1.8307479e-001  7.1653526e-001
  2.0207056e-001  6.9379281e-001
  4.3398225e-002  8.4597213e-001
  1.7782010e-001  7.4764401e-001
  3.2992129e-001  8.9609906e-001
  1.1819422e-001  8.2912372e-001
  1.4582968e-001  8.1903869e-001
  3.0898674e-001  7.7281118e-001
  1.9236615e-001  8.1769662e-001
  3.4990587e-001  8.2081745e-001
  2.5383201e-001  7.9530297e-001
  2.2141854e-001  7.4814656e-001
  1.7609353e-001  7.4672065e-001
  1.6582183e-001  8.7037618e-001
  2.2066582e-001  8.6019493e-001
  9.7430235e-002  7.5612493e-001
  2.6894992e-001  7.9423306e-001
  3.1169577e-001  7.8806175e-001
  1.3273952e-001  8.8433168e-001
  2.0392757e-001  8.0861110e-001
  2.4825459e-001  8.5575582e-001
  1.7941243e-001  7.4799071e-001
  1.6461665e-001  8.3380588e-001
  1.8876407e-001  8.0329960e-001
  1.6758159e-001  9.0876889e-001
  2.7136527e-001  8.2156113e-001
  1.8531552e-001  6.4256116e-001
  2.3518009e-001  8.2431679e-001
  1.4848775e-001  7.3303563e-001
  2.2703057e-001  7.7156698e-001
  2.5014933e-001  9.2988473e-001
  1.9480362e-001  8.3376690e-001
  2.5141858e-001  8.5802748e-001
  2.0143532e-001  7.4163123e-001
  3.1542913e-001  6.6745079e-001
  1.2506050e-001  7.9802859e-001
  1.6000258e-001  7.5279399e-001
  2.0585881e-001  8.6626358e-001
  1.0810517e-001  8.8885539e-001
  2.0139690e-001  7.1088604e-001
  2.5799996e-001  8.4286181e-001
  3.4956684e-001  8.0086733e-001
  1.8688756e-001  8.6629090e-001
  2.1587400e-001  7.5041567e-001
  1.6032130e-001  7.2023913e-001
  1.4698700e-001  8.3374269e-001
  3.0020667e-001  8.1338300e-001
  1.3434725e-001  8.0587817e-001
  1.4675359e-001  8.1345297e-001
  1.2441836e-001  7.5969456e-001
  2.3691414e-001  7.4250675e-001
  2.8628590e-001  7.5453813e-001
  1.8488365e-001  8.4338644e-001
  7.0430000e-002  7.9141399e-001
  1.0256836e-001  8.4760583e-001
  1.7150588e-001  9.1349866e-001
  1.0070675e-001  7.7949047e-001
  1.8563199e-001  8.1226265e-001
  2.9898393e-001  7.3887743e-001
  2.1433983e-001  6.9083724e-001
  1.7878385e-001  8.6346802e-001
  2.2497769e-001  6.2618327e-001
  1.5961850e-001  6.9626641e-001
  1.1239326e-001  8.4962641e-001
  2.0833913e-001  7.9279310e-001
  2.7582555e-001  7.7973798e-001
  1.9888808e-001  8.2961909e-001
  2.6751291e-001  8.3548919e-001
  1.5026143e-001  7.8521923e-001
  1.5752941e-001  7.4426893e-001
  1.4861876e-001  7.5114208e-001
  1.4816355e-001  8.4504964e-001
  2.2417304e-001  7.9506470e-001
  2.4202620e-001  7.9422152e-001
  1.4441790e-001  7.9060093e-001
  2.2378689e-001  8.6544562e-001
  2.1520966e-001  7.5506053e-001
  2.9750486e-001  8.1285047e-001
  2.5058580e-001  8.2307347e-001
  1.7625578e-001  8.3087311e-001
  2.1410975e-001  8.2778956e-001
  9.8984612e-002  8.1656318e-001
  1.6168588e-001  8.6849628e-001
  3.8403033e-001  9.4698075e-001
  1.7974779e-001  8.0123411e-001
  1.2251958e-001  7.0649685e-001
  2.1653001e-001  8.0603752e-001
  1.5952555e-001  6.9557290e-001
  2.6817922e-001  7.0863926e-001
  2.3364290e-001  7.5331818e-001
  2.4941911e-001  8.5664727e-001
  2.3741645e-001  8.1816561e-001
  1.7734226e-001  8.1534139e-001
  2.0967178e-001  7.2895574e-001
  3.0032214e-001  6.9536260e-001
  2.1587717e-001  8.6607863e-001
  1.3460089e-001  8.1736952e-001
  8.4182536e-001  5.2548439e-001
  8.3918248e-001  6.3457872e-001
  7.3518601e-001  5.1116568e-001
  7.3559395e-001  5.6077480e-001
  9.5039231e-001  6.2551818e-001
  7.4422209e-001  5.9215301e-001
  8.9138302e-001  5.3090646e-001
  8.6231184e-001  7.5603832e-001
  7.6681706e-001  5.2979262e-001
  9.5556305e-001  4.3815726e-001
  8.3563251e-001  4.3233525e-001
  4.9130640e-001  6.3889420e-001
  7.1443788e-001  4.6003304e-001
  8.4733019e-001  5.6868614e-001
  9.7196707e-001  5.5931456e-001
  8.1667700e-001  4.1570388e-001
  7.8572093e-001  5.7249856e-001
  9.4007775e-001  3.9265568e-001
  8.8869233e-001  5.3118208e-001
  9.6532342e-001  4.7967170e-001
  8.4435363e-001  3.1362798e-001
  7.4513607e-001  3.9523393e-001
  8.3104619e-001  5.2012712e-001
  9.5278919e-001  5.0014181e-001
  5.6003236e-001  3.9549426e-001
  7.8178090e-001  4.4971280e-001
  9.0128376e-001  6.2158325e-001
  7.5331064e-001  6.1176878e-001
  7.9645338e-001  4.7747794e-001
  7.0785654e-001  4.7124200e-001
  8.2962318e-001  5.0788897e-001
  8.8728944e-001  4.5360823e-001
  7.6592209e-001  4.5566643e-001
  9.2214950e-001  6.0908836e-001
  8.4131270e-001  5.3730953e-001
  8.0275431e-001  5.2279101e-001
  6.3729005e-001  3.8394932e-001
  8.7954479e-001  5.0461923e-001
  8.8679900e-001  5.5897902e-001
  8.4055833e-001  5.1501289e-001
  9.9478622e-001  6.6896609e-001
  8.2270832e-001  4.5850190e-001
  6.4014299e-001  6.2293217e-001
  7.9295283e-001  5.1351244e-001
  7.8474740e-001  5.9600188e-001
  8.7700006e-001  3.9196116e-001
  8.8393971e-001  3.4310467e-001
  7.8928099e-001  5.7302625e-001
  9.0997276e-001  4.6327213e-001
  8.1556667e-001  5.1055921e-001
  9.5835034e-001  4.3373323e-001
  9.0385864e-001  4.5450763e-001
  8.4010148e-001  4.6142417e-001
  8.8050117e-001  5.9483190e-001
  9.0111639e-001  4.8623625e-001
  7.3474688e-001  4.4867763e-001
  8.6290542e-001  5.1486115e-001
  8.8404407e-001  5.1137257e-001
  8.0359082e-001  4.7338966e-001
  7.4425963e-001  4.2767397e-001
  6.8359331e-001  5.3722263e-001
  9.1662376e-001  6.1472780e-001
  7.6469721e-001  4.7617855e-001
  8.2603998e-001  4.0317043e-001
  8.1401322e-001  6.2680958e-001
  9.3810035e-001  6.4202671e-001
  8.3823981e-001  5.3755928e-001
  7.3990701e-001  4.2392788e-001
  9.1676063e-001  4.9307999e-001
  7.1943666e-001  5.3931247e-001
  6.6399563e-001  4.9239574e-001
  7.9695559e-001  6.2322426e-001
  6.7144924e-001  5.0728644e-001
  7.2978939e-001  4.0456795e-001
  8.4281165e-001  3.0454492e-001
  8.5666998e-001  5.2159990e-001
  6.0098009e-001  3.6026213e-001
  5.7360972e-001  6.2775442e-001
  7.2952882e-001  4.0151391e-001
  7.6740243e-001  4.9844236e-001
  7.9869010e-001  4.7451430e-001
  8.9115370e-001  6.2011093e-001
  8.5864653e-001  4.1718535e-001
  7.9804175e-001  5.8992428e-001
  8.0783373e-001  4.3101129e-001
  7.2093237e-001  4.8813161e-001
  8.8123338e-001  3.8113247e-001
  8.6108809e-001  4.9381589e-001
  7.7443092e-001  4.7796797e-001
  7.5738282e-001  3.0110992e-001
  8.4906923e-001  6.1605042e-001
  5.9919571e-001  5.3948984e-001
  8.3796947e-001  3.6577909e-001
  7.9114320e-001  5.0777991e-001
  7.9917867e-001  3.1818370e-001
  7.4125442e-001  4.2093164e-001
  6.5979592e-001  4.7425873e-001
  7.6068751e-001  4.7902141e-001
